<?xml version="1.0" encoding="UTF-8"?>
<testsuite xmlns:xsi="http://www.w3.org/2001/XMLSchema-instance" xsi:noNamespaceSchemaLocation="https://maven.apache.org/surefire/maven-surefire-plugin/xsd/surefire-test-report-3.0.xsd" version="3.0" name="com.jokeapp.JokeGeneratorApplicationTests" time="3.873" tests="1" errors="0" skipped="0" failures="0">
  <properties>
[...]
</properties>
  <testcase name="contextLoads" classname="com.jokeapp.JokeGeneratorApplicationTests" time="0.641">
    <system-out><![CDATA[02:04:21.273 [main] INFO org.springframework.test.context.support.AnnotationConfigContextLoaderUtils -- Could not detect default configuration classes for test class [com.jokeapp.JokeGeneratorApplicationTests]: JokeGeneratorApplicationTests does not declare any static, non-private, non-final, nested classes annotated with @Configuration.
02:04:21.431 [main] INFO org.springframework.boot.test.context.SpringBootTestContextBootstrapper -- Found @SpringBootConfiguration com.jokeapp.JokeGeneratorApplication for test class com.jokeapp.JokeGeneratorApplicationTests

  .   ____          _            __ _ _
 /\\ / ___'_ __ _ _(_)_ __  __ _ \ \ \ \
( ( )\___ | '_ | '_| | '_ \/ _` | \ \ \ \
 \\/  ___)| |_)| | | | | || (_| |  ) ) ) )
  '  |____| .__|_| |_|_| |_\__, | / / / /
 =========|_|==============|___/=/_/_/_/
 :: Spring Boot ::                (v3.2.0)

2025-08-22T02:04:21.888+05:30  INFO 16248 --- [           main] c.jokeapp.JokeGeneratorApplicationTests  : Starting JokeGeneratorApplicationTests using Java 24.0.2 with PID 16248 (started by AseemGupta in c:\Users\AseemGupta\Documents\Projects\java_projects\RestAPI)
2025-08-22T02:04:21.891+05:30  INFO 16248 --- [           main] c.jokeapp.JokeGeneratorApplicationTests  : No active profile set, falling back to 1 default profile: "default"
2025-08-22T02:04:23.595+05:30  INFO 16248 --- [           main] o.s.b.a.w.s.WelcomePageHandlerMapping    : Adding welcome page template: index
2025-08-22T02:04:24.132+05:30  INFO 16248 --- [           main] o.s.b.a.e.web.EndpointLinksResolver      : Exposing 3 endpoint(s) beneath base path '/actuator'
2025-08-22T02:04:24.182+05:30  INFO 16248 --- [           main] o.s.m.s.b.SimpleBrokerMessageHandler     : Starting...
2025-08-22T02:04:24.183+05:30  INFO 16248 --- [           main] o.s.m.s.b.SimpleBrokerMessageHandler     : BrokerAvailabilityEvent[available=true, SimpleBrokerMessageHandler [org.springframework.messaging.simp.broker.DefaultSubscriptionRegistry@33eb0d4]]
2025-08-22T02:04:24.185+05:30  INFO 16248 --- [           main] o.s.m.s.b.SimpleBrokerMessageHandler     : Started.
2025-08-22T02:04:24.198+05:30  INFO 16248 --- [           main] c.jokeapp.JokeGeneratorApplicationTests  : Started JokeGeneratorApplicationTests in 2.616 seconds (process running for 3.623)
2025-08-22T02:04:24.780+05:30  INFO 16248 --- [oke-scheduler-1] com.jokeapp.service.JokeService          : Fetched new joke: Why was ten scared of seven? Because seven ate nin...
]]></system-out>
    <system-err><![CDATA[WARNING: A Java agent has been loaded dynamically (C:\Users\AseemGupta\.m2\repository\net\bytebuddy\byte-buddy-agent\1.14.10\byte-buddy-agent-1.14.10.jar)
WARNING: If a serviceability tool is in use, please run with -XX:+EnableDynamicAgentLoading to hide this warning
WARNING: If a serviceability tool is not in use, please run with -Djdk.instrument.traceUsage for more information
WARNING: Dynamic loading of agents will be disallowed by default in a future release
]]></system-err>
  </testcase>
</testsuite>